<?xml version="1.0" encoding="UTF-8"?>
<testsuite name="Check available flights" tests="1" skipped="0" failures="0" errors="0" timestamp="2021-03-27T18:02:14" hostname="CPX-Z81A8Y03UZW" time="56.466">
  <properties/>
  <testcase name="Check cheap flights" classname="Check available flights" time="56.466"/>
  <system-out><![CDATA[
?[32m.?[0m














































total - Total: COP 157,925

?[32m.?[0m



?[32m.?[0m
]]></system-out>
  <system-err><![CDATA[[Test worker] INFO net.thucydides.core.steps.ConsoleLoggingListener - 
 _____ _____ ____ _____   ____ _____  _    ____ _____ _____ ____  
|_   _| ____/ ___|_   _| / ___|_   _|/ \  |  _ \_   _| ____|  _ \ 
  | | |  _| \___ \ | |   \___ \ | | / _ \ | |_) || | |  _| | | | |
  | | | |___ ___) || |    ___) || |/ ___ \|  _ < | | | |___| |_| |
  |_| |_____|____/ |_|   |____/ |_/_/   \_\_| \_\|_| |_____|____/ 
                                                                  

TEST STARTED: Check cheap flights
-------------------------------------------------------------------(check-available-flights;check-cheap-flights)
Mar 27, 2021 1:02:15 PM org.openqa.selenium.remote.DesiredCapabilities chrome
INFO: Using `new ChromeOptions()` is preferred to `DesiredCapabilities.chrome()`
Starting ChromeDriver 89.0.4389.23 (61b08ee2c50024bab004e48d2b1b083cdbdac579-refs/branch-heads/4389@{#294}) on port 47422
Only local connections are allowed.
Please see https://chromedriver.chromium.org/security-considerations for suggestions on keeping ChromeDriver safe.
ChromeDriver was started successfully.
Mar 27, 2021 1:02:19 PM org.openqa.selenium.remote.ProtocolHandshake createSession
INFO: Detected dialect: W3C
]]></system-err>
</testsuite>
